

***********************************************************************
Fatal NI connect error 12514, connecting to:
 (DESCRIPTION=(CONNECT_DATA=(SERVICE_NAME=192.168.0.236)(CID=(PROGRAM=E:\Microsoft Visual Studio 12.0\Common7\IDE\devenv.exe)(HOST=OS-2020ROOT)(USER=Administrator)))(ADDRESS=(PROTOCOL=TCP)(HOST=192.168.0.236)(PORT=1521)))

  VERSION INFORMATION:
	TNS for 32-bit Windows: Version 10.2.0.1.0 - Production
	Windows NT TCP/IP NT Protocol Adapter for 32-bit Windows: Version 10.2.0.1.0 - Production
  Time: 13-2月 -2020 16:10:55
  Tracing not turned on.
  Tns error struct:
    ns main err code: 12564
    TNS-12564: TNS: 拒绝连接
    ns secondary err code: 0
    nt main err code: 0
    nt secondary err code: 0
    nt OS err code: 0


***********************************************************************
Fatal NI connect error 12514, connecting to:
 (DESCRIPTION=(CONNECT_DATA=(SERVICE_NAME=192.168.0.236)(CID=(PROGRAM=E:\Microsoft Visual Studio 12.0\Common7\IDE\devenv.exe)(HOST=OS-2020ROOT)(USER=Administrator)))(ADDRESS=(PROTOCOL=TCP)(HOST=192.168.0.236)(PORT=1521)))

  VERSION INFORMATION:
	TNS for 32-bit Windows: Version 10.2.0.1.0 - Production
	Windows NT TCP/IP NT Protocol Adapter for 32-bit Windows: Version 10.2.0.1.0 - Production
  Time: 13-2月 -2020 16:11:20
  Tracing not turned on.
  Tns error struct:
    ns main err code: 12564
    TNS-12564: TNS: 拒绝连接
    ns secondary err code: 0
    nt main err code: 0
    nt secondary err code: 0
    nt OS err code: 0
